[23-Jul-2024 07:50:33 UTC] PHP Warning:  Attempt to read property "title" on null in C:\xampp\htdocs\wordpress\wp-includes\class-wp-customize-widgets.php on line 905
[23-Jul-2024 07:58:45 UTC] PHP Warning:  Attempt to read property "title" on null in C:\xampp\htdocs\wordpress\wp-includes\class-wp-customize-widgets.php on line 905
[23-Jul-2024 08:09:53 UTC] PHP Warning:  Undefined array key "deactivateactivate" in C:\xampp\htdocs\wordpress\wp-content\plugins\otter-blocks\vendor\codeinwp\themeisle-sdk\src\Modules\Licenser.php on line 142
[23-Jul-2024 08:49:12 UTC] PHP Warning:  Undefined variable $no_post in C:\xampp\htdocs\wordpress\wp-content\plugins\insert-headers-and-footers\includes\class-wpcode-snippet-execute.php(292) : eval()'d code on line 34
[23-Jul-2024 08:49:18 UTC] PHP Warning:  Undefined variable $no_post in C:\xampp\htdocs\wordpress\wp-content\plugins\insert-headers-and-footers\includes\class-wpcode-snippet-execute.php(292) : eval()'d code on line 34
[27-Jul-2024 09:22:55 UTC] Automatic updates starting...
[27-Jul-2024 09:22:57 UTC]   Automatic plugin updates starting...
[27-Jul-2024 09:22:57 UTC]   Automatic plugin updates complete.
[27-Jul-2024 09:22:57 UTC]   Automatic theme updates starting...
[27-Jul-2024 09:22:57 UTC]   Automatic theme updates complete.
[27-Jul-2024 09:22:57 UTC] Automatic updates complete.
[27-Jul-2024 13:26:02 UTC] Automatic updates starting...
[27-Jul-2024 13:26:03 UTC]   Automatic plugin updates starting...
[27-Jul-2024 13:26:03 UTC]   Automatic plugin updates complete.
[27-Jul-2024 13:26:03 UTC]   Automatic theme updates starting...
[27-Jul-2024 13:26:03 UTC]   Automatic theme updates complete.
[27-Jul-2024 13:26:03 UTC] Automatic updates complete.
[27-Jul-2024 13:26:05 UTC] WordPress database error Server shutdown in progress for query SELECT ID FROM wp_posts WHERE post_status = 'auto-draft' AND DATE_SUB( NOW(), INTERVAL 7 DAY ) > post_date made by do_action_ref_array('wp_scheduled_auto_draft_delete'), WP_Hook->do_action, WP_Hook->apply_filters, wp_delete_auto_drafts
[03-Aug-2024 04:28:23 UTC] PHP Warning:  translations_api(): Terjadi galat tak terduga. Mungkin ada yang salah dengan WordPress.org atau konfigurasi server ini. Jika masalah berlanjut, silakan coba <a href="https://wordpress.org/support/forums/">forum dukungan</a>. (WordPress tidak bisa membuat sambungan aman ke WordPress.org. Silakan hubungi administrator server Anda.) in F:\Dicky\laragon\www\wordpress\wp-includes\functions.php on line 6085
[03-Aug-2024 04:28:35 UTC] PHP Warning:  translations_api(): Terjadi galat tak terduga. Mungkin ada yang salah dengan WordPress.org atau konfigurasi server ini. Jika masalah berlanjut, silakan coba <a href="https://wordpress.org/support/forums/">forum dukungan</a>. (WordPress tidak bisa membuat sambungan aman ke WordPress.org. Silakan hubungi administrator server Anda.) in F:\Dicky\laragon\www\wordpress\wp-includes\functions.php on line 6085
[03-Aug-2024 04:43:51 UTC] PHP Warning:  Attempt to read property "title" on null in F:\Dicky\laragon\www\wordpress\wp-includes\class-wp-customize-widgets.php on line 905
